<?xml version="1.0" encoding="UTF-8"?>
<testsuite xmlns:xsi="http://www.w3.org/2001/XMLSchema-instance" xsi:noNamespaceSchemaLocation="https://maven.apache.org/surefire/maven-surefire-plugin/xsd/surefire-test-report-3.0.xsd" version="3.0" name="com.masiv.movies.MoviesApplicationTests" time="3.308" tests="1" errors="0" skipped="0" failures="0">
  <properties>
[...]
</properties>
  <testcase name="contextLoads" classname="com.masiv.movies.MoviesApplicationTests" time="0.021">
    <system-out><![CDATA[21:37:32.950 [main] INFO org.springframework.test.context.support.AnnotationConfigContextLoaderUtils -- Could not detect default configuration classes for test class [com.masiv.movies.MoviesApplicationTests]: MoviesApplicationTests does not declare any static, non-private, non-final, nested classes annotated with @Configuration.
21:37:33.066 [main] INFO org.springframework.boot.test.context.SpringBootTestContextBootstrapper -- Found @SpringBootConfiguration com.masiv.movies.MoviesApplication for test class com.masiv.movies.MoviesApplicationTests
21:37:33.194 [main] INFO org.springframework.boot.devtools.restart.RestartApplicationListener -- Restart disabled due to context in which it is running

  .   ____          _            __ _ _
 /\\ / ___'_ __ _ _(_)_ __  __ _ \ \ \ \
( ( )\___ | '_ | '_| | '_ \/ _` | \ \ \ \
 \\/  ___)| |_)| | | | | || (_| |  ) ) ) )
  '  |____| .__|_| |_|_| |_\__, | / / / /
 =========|_|==============|___/=/_/_/_/

 :: Spring Boot ::                (v3.3.2)

2024-08-15T21:37:33.500-05:00  WARN 11992 --- [movies] [           main] ory$DuplicateJsonObjectContextCustomizer : 

Found multiple occurrences of org.json.JSONObject on the class path:

	jar:file:/C:/Users/liset/.m2/repository/com/vaadin/external/google/android-json/0.0.20131108.vaadin1/android-json-0.0.20131108.vaadin1.jar!/org/json/JSONObject.class
	jar:file:/C:/Users/liset/.m2/repository/org/json/json/20231013/json-20231013.jar!/org/json/JSONObject.class

You may wish to exclude one of them to ensure predictable runtime behavior

2024-08-15T21:37:33.537-05:00  INFO 11992 --- [movies] [           main] c.masiv.movies.MoviesApplicationTests    : Starting MoviesApplicationTests using Java 21.0.3 with PID 11992 (started by liset in C:\Users\liset\OneDrive\Escritorio\workspace\movies\movies)
2024-08-15T21:37:33.538-05:00  INFO 11992 --- [movies] [           main] c.masiv.movies.MoviesApplicationTests    : No active profile set, falling back to 1 default profile: "default"
2024-08-15T21:37:34.406-05:00  INFO 11992 --- [movies] [           main] .s.d.r.c.RepositoryConfigurationDelegate : Multiple Spring Data modules found, entering strict repository configuration mode
2024-08-15T21:37:34.412-05:00  INFO 11992 --- [movies] [           main] .s.d.r.c.RepositoryConfigurationDelegate : Bootstrapping Spring Data Redis repositories in DEFAULT mode.
2024-08-15T21:37:34.532-05:00  INFO 11992 --- [movies] [           main] .s.d.r.c.RepositoryConfigurationDelegate : Finished Spring Data repository scanning in 90 ms. Found 4 Redis repository interfaces.
2024-08-15T21:37:36.164-05:00  INFO 11992 --- [movies] [           main] c.masiv.movies.MoviesApplicationTests    : Started MoviesApplicationTests in 2.982 seconds (process running for 7.605)
]]></system-out>
  </testcase>
</testsuite>