<?xml version="1.0" encoding="UTF-8"?>
<testsuite xmlns:xsi="http://www.w3.org/2001/XMLSchema-instance" xsi:noNamespaceSchemaLocation="https://maven.apache.org/surefire/maven-surefire-plugin/xsd/surefire-test-report-3.0.xsd" version="3.0" name="com.masiv.movies.controller.test.FunctionControllerTest" time="1.683" tests="6" errors="0" skipped="0" failures="0">
  <properties>
[...]
</properties>
  <testcase name="testCancelFunction_ValidFunction" classname="com.masiv.movies.controller.test.FunctionControllerTest" time="1.598">
    <system-err><![CDATA[WARNING: A Java agent has been loaded dynamically (C:\Users\liset\.m2\repository\net\bytebuddy\byte-buddy-agent\1.14.18\byte-buddy-agent-1.14.18.jar)
WARNING: If a serviceability tool is in use, please run with -XX:+EnableDynamicAgentLoading to hide this warning
WARNING: If a serviceability tool is not in use, please run with -Djdk.instrument.traceUsage for more information
WARNING: Dynamic loading of agents will be disallowed by default in a future release
]]></system-err>
  </testcase>
  <testcase name="testGetFunctionById_FunctionNotFound" classname="com.masiv.movies.controller.test.FunctionControllerTest" time="0.012"/>
  <testcase name="testRecordDateFunction_ValidFunction" classname="com.masiv.movies.controller.test.FunctionControllerTest" time="0.005"/>
  <testcase name="testGetFunctionById_FunctionExists" classname="com.masiv.movies.controller.test.FunctionControllerTest" time="0.004"/>
  <testcase name="testGetFunctionById_FunctionCancelled" classname="com.masiv.movies.controller.test.FunctionControllerTest" time="0.005"/>
  <testcase name="testGetFunctions" classname="com.masiv.movies.controller.test.FunctionControllerTest" time="0.003"/>
</testsuite>